<?xml version="1.0" encoding="UTF-8"?>
<testsuite xmlns:xsi="http://www.w3.org/2001/XMLSchema-instance" xsi:noNamespaceSchemaLocation="https://maven.apache.org/surefire/maven-surefire-plugin/xsd/surefire-test-report.xsd" name="TestSuite" time="23.091" tests="19" errors="0" skipped="0" failures="0">
  <properties>
[...]
</properties>
  <testcase name="test" classname="Case.RegisterCase" time="4.849"/>
  <testcase name="test" classname="Case.RegisterCase" time="0.787"/>
  <testcase name="test" classname="Case.RegisterCase" time="0.42"/>
  <testcase name="test" classname="Case.RegisterCase" time="0.467"/>
  <testcase name="test" classname="Case.RegisterCase" time="0.789"/>
  <testcase name="test" classname="Case.RegisterCase" time="0.595"/>
  <testcase name="test" classname="Case.LoginCase" time="0.642"/>
  <testcase name="test" classname="Case.LoginCase" time="0.836"/>
  <testcase name="test" classname="Case.LoginCase" time="0.572"/>
  <testcase name="test" classname="Case.LoginCase" time="0.478"/>
  <testcase name="test" classname="Case.LoginCase" time="0.945"/>
  <testcase name="test" classname="Case.RechargeCase" time="0.957"/>
  <testcase name="test" classname="Case.RechargeCase" time="0.464"/>
  <testcase name="test" classname="Case.RechargeCase" time="1.303"/>
  <testcase name="test" classname="Case.RechargeCase" time="0.513"/>
  <testcase name="test" classname="Case.RechargeCase" time="1.023"/>
  <testcase name="test" classname="Case.RechargeCase" time="0.556"/>
  <testcase name="test" classname="Case.RechargeCase" time="0.503"/>
  <testcase name="test" classname="Case.RechargeCase" time="0.812"/>
</testsuite>